<?xml version="1.0" encoding="UTF-8"?>
<!-- Generated by org.testng.reporters.JUnitReportReporter -->
<testsuite hostname="office27" failures="0" tests="5" name="course.qa.simple.TestNGCalculatorTest" time="0.010" errors="0" timestamp="2022-06-09T23:20:39 EEST" skipped="0">
  <testcase classname="course.qa.simple.TestNGCalculatorTest" name="testGenerateBigPrime" time="0.004"/>
  <system-out/>
  <testcase classname="course.qa.simple.TestNGCalculatorTest" name="givenXandY_whenAdd_thenResultXplusY" time="0.004"/>
  <system-out/>
  <testcase classname="course.qa.simple.TestNGCalculatorTest" name="givenXandY_whenDivide_thenResultXdivY" time="0.000"/>
  <system-out/>
  <testcase classname="course.qa.simple.TestNGCalculatorTest" name="givenXandY_whenMultiply_thenResultXproductY" time="0.001"/>
  <system-out/>
  <testcase classname="course.qa.simple.TestNGCalculatorTest" name="givenXandZeroDivider_whenDivide_thenArtithmeticExceptionThrown" time="0.001"/>
  <system-out/>
</testsuite> <!-- course.qa.simple.TestNGCalculatorTest -->
