<?xml version="1.0" encoding="UTF-8"?>
<!-- Generated by org.testng.reporters.JUnitReportReporter -->
<testsuite hostname="office27" failures="0" tests="4" name="course.qa.simple.TestNGStack" time="0.003" errors="0" timestamp="2022-06-09T23:20:39 EEST" skipped="0">
  <testcase classname="course.qa.simple.TestNGStack" name="throwsExceptionWhenPoped" time="0.001"/>
  <system-out/>
  <testcase classname="course.qa.simple.TestNGStack" name="returnsElementWhenPopedAfterPush" time="0.001"/>
  <system-out/>
  <testcase classname="course.qa.simple.TestNGStack" name="isEmptyAfterPush" time="0.001"/>
  <system-out/>
  <testcase classname="course.qa.simple.TestNGStack" name="isEmpty" time="0.000"/>
  <system-out/>
</testsuite> <!-- course.qa.simple.TestNGStack -->
